<?xml version="1.0" encoding="UTF-8"?>
<!-- Generated by org.testng.reporters.JUnitReportReporter -->
<testsuite hostname="asus" failures="0" tests="1" name="suiteA.TestA1" time="2.011" errors="0" timestamp="11 Jun 2022 16:45:30 GMT" skipped="0">
  <testcase classname="suiteA.TestA1" name="testA1" time="2.011"/>
</testsuite> <!-- suiteA.TestA1 -->
