<?xml version="1.0" encoding="UTF-8"?>
<!-- Generated by org.testng.reporters.JUnitReportReporter -->
<testsuite hostname="asus" failures="0" tests="3" name="testNG.TNG001" time="0.007" errors="0" timestamp="11 Jun 2022 16:39:03 GMT" skipped="1">
  <testcase classname="testNG.TNG001" name="f" time="0.004"/>
  <testcase classname="testNG.TNG001" name="z" time="0.003"/>
  <testcase classname="testNG.TNG001" name="a">
    <skipped/>
  </testcase> <!-- a -->
</testsuite> <!-- testNG.TNG001 -->
