<?xml version="1.0" encoding="UTF-8"?>
<!-- Generated by org.testng.reporters.JUnitReportReporter -->
<testsuite hostname="asus" failures="0" tests="1" name="testNG.NewTest" time="0.002" errors="0" timestamp="11 Jun 2022 16:39:03 GMT" skipped="0">
  <testcase classname="testNG.NewTest" name="f" time="0.002"/>
</testsuite> <!-- testNG.NewTest -->
