<?xml version="1.0" encoding="UTF-8"?>
<!-- Generated by org.testng.reporters.JUnitReportReporter -->
<testsuite hostname="asus" failures="0" tests="7" name="testNG.TestsParallel" time="0.244" errors="0" timestamp="11 Jun 2022 17:15:27 GMT" skipped="0">
  <testcase classname="testNG.TestsParallel" name="test1" time="0.034"/>
  <testcase classname="testNG.TestsParallel" name="test7" time="0.033"/>
  <testcase classname="testNG.TestsParallel" name="test2" time="0.037"/>
  <testcase classname="testNG.TestsParallel" name="test5" time="0.039"/>
  <testcase classname="testNG.TestsParallel" name="test6" time="0.033"/>
  <testcase classname="testNG.TestsParallel" name="test4" time="0.034"/>
  <testcase classname="testNG.TestsParallel" name="test3" time="0.034"/>
</testsuite> <!-- testNG.TestsParallel -->
