<?xml version="1.0" encoding="UTF-8"?>
<!-- Generated by org.testng.reporters.JUnitReportReporter -->
<testsuite hostname="asus" failures="0" tests="1" name="testNG.CheckBox1" time="20.085" errors="0" timestamp="12 Jun 2022 06:32:36 GMT" skipped="0">
  <testcase classname="testNG.CheckBox1" name="checkboxTest" time="20.085"/>
</testsuite> <!-- testNG.CheckBox1 -->
