<?xml version="1.0" encoding="UTF-8"?>
<!-- Generated by org.testng.reporters.JUnitReportReporter -->
<testsuite hostname="asus" failures="0" tests="1" name="testNGAssertions.HardAssertDemo" time="20.477" errors="0" timestamp="13 Jun 2022 11:30:15 GMT" skipped="0">
  <testcase classname="testNGAssertions.HardAssertDemo" name="f" time="20.477"/>
</testsuite> <!-- testNGAssertions.HardAssertDemo -->
