<?xml version="1.0" encoding="UTF-8"?>
<!-- Generated by org.testng.reporters.JUnitReportReporter -->
<testsuite hostname="asus" failures="0" tests="4" name="testNG.TestsDependencies" time="0.029" errors="0" timestamp="12 Jun 2022 06:55:10 GMT" skipped="2">
  <testcase classname="testNG.TestsDependencies" name="orange" time="0.019"/>
  <testcase classname="testNG.TestsDependencies" name="white" time="0.005"/>
  <testcase classname="testNG.TestsDependencies" name="blue" time="0.004">
    <skipped/>
  </testcase> <!-- blue -->
  <testcase classname="testNG.TestsDependencies" name="green" time="0.001">
    <skipped/>
  </testcase> <!-- green -->
</testsuite> <!-- testNG.TestsDependencies -->
